
=== Sat Jan 25 01:07:52 2020

Packages were changed.
Update Mode: updateDependencies

The following packages were updated:
  com.unity.ide.vscode from version 1.1.0 to 1.1.3

=== Sun Apr  5 06:16:48 2020

Packages were changed.
Update Mode: updateDependencies

The following packages were updated:
  com.unity.postprocessing from version 2.1.7 to 2.2.2
  com.unity.render-pipelines.lightweight from version 6.9.2 to 7.1.8
  com.unity.shadergraph from version 6.9.2 to 7.1.8
  com.unity.test-framework from version 1.0.18 to 1.1.11
  com.unity.timeline from version 1.1.0 to 1.2.6
The following packages were removed:
  com.unity.package-manager-ui@2.2.0

=== Sun Feb 27 15:21:48 2022

Packages were changed.
Update Mode: updateDependencies

The following packages were added:
  com.unity.ide.visualstudio@2.0.14
The following packages were updated:
  com.unity.ext.nunit from version 1.0.0 to 1.0.6
  com.unity.ide.rider from version 1.1.4 to 1.2.1
  com.unity.test-framework from version 1.1.13 to 1.1.30
  com.unity.textmeshpro from version 2.0.1 to 2.1.4
